********************************************************************************
DUPLICATOR-LITE PACKAGE-LOG: 21 de April de 2020 22:43
NOTICE: Do NOT post to public sites or forums 
********************************************************************************
VERSION:	1.3.30
WORDPRESS:	5.4
PHP INFO:	7.4.4 | SAPI: apache2handler
SERVER:		Apache/2.4.41 (Win64) OpenSSL/1.1.1c PHP/7.4.4 
PHP TIME LIMIT: (0) no time limit imposed 
PHP MAX MEMORY: 4294967296 (512M default) 
MEMORY STACK: 6MB

********************************************************************************
DATABASE:
********************************************************************************
BUILD MODE:   MYSQLDUMP
MYSQLTIMEOUT: 5000
MYSQLDUMP:    Is Supported
SQL CREATED: 20200421_gamevelopers_4ad75c1c6abb78265514_20200421224211_database.sql
SQL FILE SIZE: 1.31MB (1375094)
SQL FILE TIME: 2020-04-21 22:43:24
SQL RUNTIME: 6.20 sec.

********************************************************************************
ARCHIVE (ZIP):
********************************************************************************
ARCHIVE DIR:  C:/xampp/htdocs/wordpress
ARCHIVE FILE: 20200421_gamevelopers_4ad75c1c6abb78265514_20200421224211_archive.zip
FILTERS: *OFF*
DIRS:
	not set
FILES:
	not set
EXTS:  not set
----------------------------------------
COMPRESSING
SIZE:	139.17MB
STATS:	Dirs 1,349 | Files 7,233
SQL ADDED: 20200421_gamevelopers_4ad75c1c6abb78265514_20200421224211_database.sql
ZipArchive Object
(
    [status] => 0
    [statusSys] => 0
    [numFiles] => 8582
    [filename] => C:\xampp\htdocs\wordpress\wp-snapshots\tmp\20200421_gamevelopers_4ad75c1c6abb78265514_20200421224211_archive.zip
    [comment] => 
)

FILE ADDED TO ZIP: 8581
COMPRESSION RESULT: '1'
COMPRESSED SIZE: 45.2MB
ARCHIVE RUNTIME: 144.55 sec.
MEMORY STACK: 8MB
building installer
add_extra_files1
add_extra_files2
add_extra_files3
add_extra_files4
Doing archive file check
add_extra_files5
add_extra_files6
add_extra_files8
Successfully opened zip C:/xampp/htdocs/wordpress/wp-snapshots/tmp/20200421_gamevelopers_4ad75c1c6abb78265514_20200421224211_archive.zip
Adding enhanced installer files to archive using ZipArchive
Installer files added to archive
Added to archive
After ziparchive close when adding installer

********************************************************************************
INTEGRITY CHECKS:
********************************************************************************
SQL FILE: 1.31MB
INSTALLER FILE: 61.32KB
ARCHIVE FILE: 46.56MB 
EXPECTED FILE/DIRECTORY COUNT: 8,582
ACTUAL FILE/DIRECTORY COUNT: 8,581
ARCHIVE CONSISTENCY TEST: Pass

********************************************************************************
RECORD ID:[1]
TOTAL PROCESS RUNTIME: 160.89 sec.
PEAK PHP MEMORY USED: 10MB
DONE PROCESSING => 20200421_gamevelopers 21 de April de 2020 22:45

